[2018-04-23 12:18:17.288] [exthost1] [info] extension host started
[2018-04-23 12:18:17.328] [exthost1] [info] ExtensionService#_doActivateExtension vscode.emmet {"startup":true,"activationEvent":"*"}
[2018-04-23 12:18:17.328] [exthost1] [info] ExtensionService#loadCommonJSModule /opt/visual-studio-code/resources/app/extensions/emmet/out/extension
[2018-04-23 12:18:17.425] [exthost1] [info] ExtensionService#_doActivateExtension vscode.git {"startup":true,"activationEvent":"*"}
[2018-04-23 12:18:17.425] [exthost1] [info] ExtensionService#loadCommonJSModule /opt/visual-studio-code/resources/app/extensions/git/out/main
[2018-04-23 12:18:17.737] [exthost1] [info] ExtensionService#_doActivateExtension vscode.merge-conflict {"startup":true,"activationEvent":"*"}
[2018-04-23 12:18:17.737] [exthost1] [info] ExtensionService#loadCommonJSModule /opt/visual-studio-code/resources/app/extensions/merge-conflict/out/extension
[2018-04-23 12:18:17.756] [exthost1] [info] ExtensionService#_doActivateExtension EditorConfig.EditorConfig {"startup":true,"activationEvent":"*"}
[2018-04-23 12:18:17.756] [exthost1] [info] ExtensionService#loadCommonJSModule /home/blackblex/.vscode/extensions/EditorConfig.editorconfig-0.12.1/out/src/editorConfigMain
[2018-04-23 12:18:17.799] [exthost1] [info] ExtensionService#_doActivateExtension christian-kohler.path-intellisense {"startup":true,"activationEvent":"*"}
[2018-04-23 12:18:17.799] [exthost1] [info] ExtensionService#loadCommonJSModule /home/blackblex/.vscode/extensions/christian-kohler.path-intellisense-1.4.2/out/src/extension
[2018-04-23 12:18:17.816] [exthost1] [info] ExtensionService#_doActivateExtension dbaeumer.vscode-eslint {"startup":true,"activationEvent":"*"}
[2018-04-23 12:18:17.816] [exthost1] [info] ExtensionService#loadCommonJSModule /home/blackblex/.vscode/extensions/dbaeumer.vscode-eslint-1.4.8/client/out/extension
[2018-04-23 12:18:17.916] [exthost1] [info] ExtensionService#_doActivateExtension robertohuertasm.vscode-icons {"startup":true,"activationEvent":"*"}
[2018-04-23 12:18:17.916] [exthost1] [info] ExtensionService#loadCommonJSModule /home/blackblex/.vscode/extensions/robertohuertasm.vscode-icons-7.22.0/out/src/
[2018-04-23 12:18:18.082] [exthost1] [info] ExtensionService#_doActivateExtension wayou.vscode-todo-highlight {"startup":true,"activationEvent":"*"}
[2018-04-23 12:18:18.082] [exthost1] [info] ExtensionService#loadCommonJSModule /home/blackblex/.vscode/extensions/wayou.vscode-todo-highlight-0.5.12/src/extension
[2018-04-23 12:18:18.085] [exthost1] [info] eager extensions activated
[2018-04-23 12:18:18.093] [exthost1] [info] ExtensionService#_doActivateExtension vscode.configuration-editing {"startup":false,"activationEvent":"onLanguage:jsonc"}
[2018-04-23 12:18:18.093] [exthost1] [info] ExtensionService#loadCommonJSModule /opt/visual-studio-code/resources/app/extensions/configuration-editing/out/extension
[2018-04-23 12:18:18.109] [exthost1] [info] ExtensionService#_doActivateExtension vscode.json-language-features {"startup":false,"activationEvent":"onLanguage:jsonc"}
[2018-04-23 12:18:18.109] [exthost1] [info] ExtensionService#loadCommonJSModule /opt/visual-studio-code/resources/app/extensions/json-language-features/client/out/jsonMain
[2018-04-23 12:18:18.503] [exthost1] [info] ExtensionService#_doActivateExtension austin.code-gnu-global {"startup":false,"activationEvent":"onLanguage:cpp"}
[2018-04-23 12:18:18.503] [exthost1] [info] ExtensionService#loadCommonJSModule /home/blackblex/.vscode/extensions/austin.code-gnu-global-0.2.2/out/src/extension
[2018-04-23 12:18:18.570] [exthost1] [info] ExtensionService#_doActivateExtension ms-vscode.cpptools {"startup":false,"activationEvent":"onLanguage:cpp"}
[2018-04-23 12:18:18.570] [exthost1] [info] ExtensionService#loadCommonJSModule /home/blackblex/.vscode/extensions/ms-vscode.cpptools-0.16.1/out/src/main
