Initializing document watcher...
Rebuilding config map...
/home/blackblex/Documentos/Untitled1.cpp: Using EditorConfig core...
Detected change in configuration: {}
/home/blackblex/Documentos/Untitled1.cpp: {}
/home/blackblex/.config/Code/User/settings.json: Using EditorConfig core...
/home/blackblex/Documentos/Untitled1.cpp: Applying configuration map...
/home/blackblex/Documentos/Untitled1.cpp: {}
/home/blackblex/.config/Code/User/settings.json: Using EditorConfig core...
/home/blackblex/.config/Code/User/settings.json: {}
/home/blackblex/.config/Code/User/settings.json: {}
Detected change in configuration: {}
/home/blackblex/Documentos/Untitled1.cpp: Applying configuration map...
/home/blackblex/Documentos/Untitled1.cpp: {}
/home/blackblex/.config/Code/User/settings.json: Applying configuration map...
/home/blackblex/.config/Code/User/settings.json: {}
/1/settings.json.jsonc: Using EditorConfig core...
/1/settings.json: {}
/home/blackblex/.config/Code/User/settings.json: Applying configuration map...
/home/blackblex/.config/Code/User/settings.json: {}
/home/blackblex/Documentos/Untitled1.cpp: Applying configuration map...
/home/blackblex/Documentos/Untitled1.cpp: {}
